<?xml version="1.0" encoding="UTF-8"?>
<!-- Generated by org.testng.reporters.JUnitReportReporter -->
<testsuite hostname="MT-5CD12777KZ" failures="0" tests="2" name="assignment1.mavenn.Basic" time="21.443" errors="0" timestamp="2021-11-03T14:32:49 IST" skipped="0">
  <testcase classname="assignment1.mavenn.Basic" name="edge" time="11.073"/>
  <system-out/>
  <testcase classname="assignment1.mavenn.Basic" name="chrome" time="10.370"/>
  <system-out/>
</testsuite> <!-- assignment1.mavenn.Basic -->
